<?xml version="1.0" encoding="UTF-8"?>
<testng-results skipped="0" failed="0" ignored="0" total="1" passed="1">
  <reporter-output>
  </reporter-output>
  <suite name="Suite" duration-ms="27846" started-at="2025-02-19T08:40:10 IST" finished-at="2025-02-19T08:40:38 IST">
    <groups>
    </groups>
    <test name="Test" duration-ms="27846" started-at="2025-02-19T08:40:10 IST" finished-at="2025-02-19T08:40:38 IST">
      <class name="com.naukri.automation.NaukriUpdater.NaukriProfileUpdaterTest">
        <test-method status="PASS" signature="setUp()[pri:0, instance:com.naukri.automation.NaukriUpdater.NaukriProfileUpdaterTest@22a67b4]" name="setUp" is-config="true" duration-ms="5515" started-at="2025-02-19T08:40:10 IST" finished-at="2025-02-19T08:40:16 IST">
          <reporter-output>
          </reporter-output>
        </test-method> <!-- setUp -->
        <test-method status="PASS" signature="testProfileUpdate(java.lang.String, java.lang.String)[pri:0, instance:com.naukri.automation.NaukriUpdater.NaukriProfileUpdaterTest@22a67b4]" name="testProfileUpdate" duration-ms="21210" started-at="2025-02-19T08:40:16 IST" data-provider="loginData" finished-at="2025-02-19T08:40:37 IST">
          <params>
            <param index="0">
              <value>
                <![CDATA[vpattar6@gmail.com]]>
              </value>
            </param>
            <param index="1">
              <value>
                <![CDATA[Anvit@2503]]>
              </value>
            </param>
          </params>
          <reporter-output>
          </reporter-output>
        </test-method> <!-- testProfileUpdate -->
        <test-method status="PASS" signature="tearDown()[pri:0, instance:com.naukri.automation.NaukriUpdater.NaukriProfileUpdaterTest@22a67b4]" name="tearDown" is-config="true" duration-ms="1041" started-at="2025-02-19T08:40:37 IST" finished-at="2025-02-19T08:40:38 IST">
          <reporter-output>
          </reporter-output>
        </test-method> <!-- tearDown -->
      </class> <!-- com.naukri.automation.NaukriUpdater.NaukriProfileUpdaterTest -->
    </test> <!-- Test -->
  </suite> <!-- Suite -->
</testng-results>
