<?xml version="1.0" encoding="UTF-8"?>
<testng-results ignored="0" total="1" passed="1" failed="0" skipped="0">
  <reporter-output>
  </reporter-output>
  <suite started-at="2025-02-19T08:16:28 IST" name="Default suite" finished-at="2025-02-19T08:16:57 IST" duration-ms="29240">
    <groups>
    </groups>
    <test started-at="2025-02-19T08:16:28 IST" name="Default test" finished-at="2025-02-19T08:16:57 IST" duration-ms="29240">
      <class name="com.naukri.automation.NaukriUpdater.NaukriProfileUpdaterTest">
        <test-method is-config="true" signature="setUp()[pri:0, instance:com.naukri.automation.NaukriUpdater.NaukriProfileUpdaterTest@689604d9]" started-at="2025-02-19T08:16:28 IST" name="setUp" finished-at="2025-02-19T08:16:34 IST" duration-ms="6002" status="PASS">
          <reporter-output>
          </reporter-output>
        </test-method> <!-- setUp -->
        <test-method signature="testProfileUpdate(java.lang.String, java.lang.String)[pri:0, instance:com.naukri.automation.NaukriUpdater.NaukriProfileUpdaterTest@689604d9]" started-at="2025-02-19T08:16:34 IST" name="testProfileUpdate" data-provider="loginData" finished-at="2025-02-19T08:16:57 IST" duration-ms="22389" status="PASS">
          <params>
            <param index="0">
              <value>
                <![CDATA[vpattar6@gmail.com]]>
              </value>
            </param>
            <param index="1">
              <value>
                <![CDATA[Anvit@2503]]>
              </value>
            </param>
          </params>
          <reporter-output>
          </reporter-output>
        </test-method> <!-- testProfileUpdate -->
        <test-method is-config="true" signature="tearDown()[pri:0, instance:com.naukri.automation.NaukriUpdater.NaukriProfileUpdaterTest@689604d9]" started-at="2025-02-19T08:16:57 IST" name="tearDown" finished-at="2025-02-19T08:16:57 IST" duration-ms="721" status="PASS">
          <reporter-output>
          </reporter-output>
        </test-method> <!-- tearDown -->
      </class> <!-- com.naukri.automation.NaukriUpdater.NaukriProfileUpdaterTest -->
    </test> <!-- Default test -->
  </suite> <!-- Default suite -->
</testng-results>
