<?xml version="1.0" encoding="UTF-8"?>
<testng-results ignored="0" total="1" passed="1" failed="0" skipped="0">
  <reporter-output>
  </reporter-output>
  <suite started-at="2025-02-19T07:57:05 IST" name="Suite" finished-at="2025-02-19T07:57:35 IST" duration-ms="30209">
    <groups>
    </groups>
    <test started-at="2025-02-19T07:57:05 IST" name="Test" finished-at="2025-02-19T07:57:35 IST" duration-ms="30209">
      <class name="com.naukri.automation.NaukriUpdater.NaukriProfileUpdaterTest">
        <test-method is-config="true" signature="setUp()[pri:0, instance:com.naukri.automation.NaukriUpdater.NaukriProfileUpdaterTest@26b3fd41]" started-at="2025-02-19T07:57:05 IST" name="setUp" finished-at="2025-02-19T07:57:11 IST" duration-ms="5696" status="PASS">
          <reporter-output>
          </reporter-output>
        </test-method> <!-- setUp -->
        <test-method signature="testProfileUpdate(java.lang.String,java.lang.String)[pri:0, instance:com.naukri.automation.NaukriUpdater.NaukriProfileUpdaterTest@26b3fd41]" started-at="2025-02-19T07:57:11 IST" name="testProfileUpdate" data-provider="loginData" finished-at="2025-02-19T07:57:34 IST" duration-ms="23649" status="PASS">
          <params>
            <param index="0">
              <value>
                <![CDATA[vpattar6@gmail.com]]>
              </value>
            </param>
            <param index="1">
              <value>
                <![CDATA[Anvit@2503]]>
              </value>
            </param>
          </params>
          <reporter-output>
          </reporter-output>
        </test-method> <!-- testProfileUpdate -->
        <test-method is-config="true" signature="tearDown()[pri:0, instance:com.naukri.automation.NaukriUpdater.NaukriProfileUpdaterTest@26b3fd41]" started-at="2025-02-19T07:57:34 IST" name="tearDown" finished-at="2025-02-19T07:57:35 IST" duration-ms="746" status="PASS">
          <reporter-output>
          </reporter-output>
        </test-method> <!-- tearDown -->
      </class> <!-- com.naukri.automation.NaukriUpdater.NaukriProfileUpdaterTest -->
    </test> <!-- Test -->
  </suite> <!-- Suite -->
</testng-results>
